{
  "stats": {
    "suites": 1,
    "tests": 1,
    "passes": 1,
    "pending": 0,
    "failures": 0,
    "start": "2020-03-03T04:34:40.831Z",
    "end": "2020-03-03T04:34:51.430Z",
    "duration": 10599,
    "testsRegistered": 1,
    "passPercent": 100,
    "pendingPercent": 0,
    "other": 0,
    "hasOther": false,
    "skipped": 0,
    "hasSkipped": false
  },
  "results": [
    {
      "uuid": "2f06c088-eca8-4b40-a322-ad6d1a024b1e",
      "title": "",
      "fullFile": "cypress\\integration\\CypressTests\\2Login.js",
      "file": "cypress\\integration\\CypressTests\\2Login.js",
      "beforeHooks": [],
      "afterHooks": [],
      "tests": [],
      "suites": [
        {
          "uuid": "24f1e67f-1453-45fc-9ffe-13a02ac6e2dc",
          "title": "Login in to application",
          "fullFile": "",
          "file": "",
          "beforeHooks": [],
          "afterHooks": [],
          "tests": [
            {
              "title": "Enter Email and Passowrd",
              "fullTitle": "Login in to application Enter Email and Passowrd",
              "timedOut": null,
              "duration": 7735,
              "state": "passed",
              "speed": "slow",
              "pass": true,
              "fail": false,
              "pending": false,
              "context": null,
              "code": "var homepage = new _HomePage[\"default\"]();\nvar loginpage = new _LoginPage[\"default\"]();\ncy.visit(Cypress.env('url'));\ncy.Login();",
              "err": {},
              "uuid": "2eef29d3-f17f-4c57-abba-d1cffbc3d229",
              "parentUUID": "24f1e67f-1453-45fc-9ffe-13a02ac6e2dc",
              "isHook": false,
              "skipped": false
            }
          ],
          "suites": [],
          "passes": [
            "2eef29d3-f17f-4c57-abba-d1cffbc3d229"
          ],
          "failures": [],
          "pending": [],
          "skipped": [],
          "duration": 7735,
          "root": false,
          "rootEmpty": false,
          "_timeout": 2000
        }
      ],
      "passes": [],
      "failures": [],
      "pending": [],
      "skipped": [],
      "duration": 0,
      "root": true,
      "rootEmpty": true,
      "_timeout": 2000
    }
  ],
  "meta": {
    "mocha": {
      "version": "5.2.0"
    },
    "mochawesome": {
      "options": {
        "quiet": false,
        "reportFilename": "mochawesome",
        "saveHtml": false,
        "saveJson": true,
        "consoleReporter": "spec",
        "useInlineDiffs": false
      },
      "version": "4.1.0"
    },
    "marge": {
      "options": {
        "id": "default",
        "reportDir": "cypress/reports/mocha",
        "quite": true,
        "overwrite": false,
        "html": false,
        "json": true
      },
      "version": "4.1.0"
    }
  }
}