{
  "stats": {
    "suites": 1,
    "tests": 1,
    "passes": 1,
    "pending": 0,
    "failures": 0,
    "start": "2020-03-03T07:10:43.289Z",
    "end": "2020-03-03T07:10:54.411Z",
    "duration": 11122,
    "testsRegistered": 1,
    "passPercent": 100,
    "pendingPercent": 0,
    "other": 0,
    "hasOther": false,
    "skipped": 0,
    "hasSkipped": false
  },
  "results": [
    {
      "uuid": "2f3752e4-1998-4143-9ce8-464bacafb322",
      "title": "",
      "fullFile": "cypress\\integration\\CypressTests\\2Login.js",
      "file": "cypress\\integration\\CypressTests\\2Login.js",
      "beforeHooks": [],
      "afterHooks": [],
      "tests": [],
      "suites": [
        {
          "uuid": "de121900-22ea-4f4b-9c3c-79aa8d7fe4c8",
          "title": "Login in to application",
          "fullFile": "",
          "file": "",
          "beforeHooks": [],
          "afterHooks": [],
          "tests": [
            {
              "title": "Enter Email and Passowrd",
              "fullTitle": "Login in to application Enter Email and Passowrd",
              "timedOut": null,
              "duration": 8244,
              "state": "passed",
              "speed": "slow",
              "pass": true,
              "fail": false,
              "pending": false,
              "context": null,
              "code": "var homepage = new _HomePage[\"default\"]();\nvar loginpage = new _LoginPage[\"default\"]();\ncy.visit(Cypress.env('url'));\ncy.Login();",
              "err": {},
              "uuid": "490890c1-900d-4179-b272-15cd5c3dc107",
              "parentUUID": "de121900-22ea-4f4b-9c3c-79aa8d7fe4c8",
              "isHook": false,
              "skipped": false
            }
          ],
          "suites": [],
          "passes": [
            "490890c1-900d-4179-b272-15cd5c3dc107"
          ],
          "failures": [],
          "pending": [],
          "skipped": [],
          "duration": 8244,
          "root": false,
          "rootEmpty": false,
          "_timeout": 2000
        }
      ],
      "passes": [],
      "failures": [],
      "pending": [],
      "skipped": [],
      "duration": 0,
      "root": true,
      "rootEmpty": true,
      "_timeout": 2000
    }
  ],
  "meta": {
    "mocha": {
      "version": "5.2.0"
    },
    "mochawesome": {
      "options": {
        "quiet": false,
        "reportFilename": "mochawesome",
        "saveHtml": false,
        "saveJson": true,
        "consoleReporter": "spec",
        "useInlineDiffs": false
      },
      "version": "4.1.0"
    },
    "marge": {
      "options": {
        "id": "default",
        "reportDir": "cypress/reports/mocha",
        "quite": true,
        "overwrite": false,
        "html": false,
        "json": true
      },
      "version": "4.1.0"
    }
  }
}