{
  "stats": {
    "suites": 1,
    "tests": 9,
    "passes": 9,
    "pending": 0,
    "failures": 0,
    "start": "2020-03-02T11:22:47.336Z",
    "end": "2020-03-02T11:23:13.350Z",
    "duration": 26014,
    "testsRegistered": 9,
    "passPercent": 100,
    "pendingPercent": 0,
    "other": 0,
    "hasOther": false,
    "skipped": 0,
    "hasSkipped": false
  },
  "results": [
    {
      "uuid": "f29b4ec9-8247-489f-8c28-b25612d7c696",
      "title": "",
      "fullFile": "cypress\\integration\\CypressTests\\4WebPage Handles.js",
      "file": "cypress\\integration\\CypressTests\\4WebPage Handles.js",
      "beforeHooks": [],
      "afterHooks": [],
      "tests": [],
      "suites": [
        {
          "uuid": "d56c9417-189e-4b11-bd95-f8085625523b",
          "title": "Handle all common functionalities found in WebSite",
          "fullFile": "",
          "file": "",
          "beforeHooks": [],
          "afterHooks": [],
          "tests": [
            {
              "title": "Select radio buttons",
              "fullTitle": "Handle all common functionalities found in WebSite Select radio buttons",
              "timedOut": null,
              "duration": 6860,
              "state": "passed",
              "speed": "slow",
              "pass": true,
              "fail": false,
              "pending": false,
              "context": null,
              "code": "cy.visit('https://rahulshettyacademy.com/AutomationPractice/'); // select Radio button\ncy.get('input[value=\"radio1\"]').click().should('be.checked');",
              "err": {},
              "uuid": "cc16a5d0-b853-4d46-80a2-27df03b0c970",
              "parentUUID": "d56c9417-189e-4b11-bd95-f8085625523b",
              "isHook": false,
              "skipped": false
            },
            {
              "title": "Select Suggession location",
              "fullTitle": "Handle all common functionalities found in WebSite Select Suggession location",
              "timedOut": null,
              "duration": 1071,
              "state": "passed",
              "speed": "slow",
              "pass": true,
              "fail": false,
              "pending": false,
              "context": null,
              "code": "cy.visit('https://rahulshettyacademy.com/AutomationPractice/');\ncy.get('#autocomplete').type('ind');\ncy.get('#ui-id-1').find('.ui-menu-item').each(function ($el, index, $list) {\n  var suggestions = $el.text();\n  if (suggestions == 'India') {\n    $el.find('div').click();\n  }\n});",
              "err": {},
              "uuid": "701860c4-6b4a-4e4d-bb16-e4e1671bd409",
              "parentUUID": "d56c9417-189e-4b11-bd95-f8085625523b",
              "isHook": false,
              "skipped": false
            },
            {
              "title": "select drop down options",
              "fullTitle": "Handle all common functionalities found in WebSite select drop down options",
              "timedOut": null,
              "duration": 886,
              "state": "passed",
              "speed": "slow",
              "pass": true,
              "fail": false,
              "pending": false,
              "context": null,
              "code": "cy.visit('https://rahulshettyacademy.com/AutomationPractice/');\ncy.get('select').select('Option3').should('have.value', 'option3');",
              "err": {},
              "uuid": "16c541ef-5cea-4dfd-a667-db8f03b4f47d",
              "parentUUID": "d56c9417-189e-4b11-bd95-f8085625523b",
              "isHook": false,
              "skipped": false
            },
            {
              "title": "select Checkbox options",
              "fullTitle": "Handle all common functionalities found in WebSite select Checkbox options",
              "timedOut": null,
              "duration": 1025,
              "state": "passed",
              "speed": "slow",
              "pass": true,
              "fail": false,
              "pending": false,
              "context": null,
              "code": "cy.visit('https://rahulshettyacademy.com/AutomationPractice/');\ncy.get('#checkBoxOption2').click().should('be.checked');",
              "err": {},
              "uuid": "08986c3f-2a6d-4742-8172-9e08f49c0bf2",
              "parentUUID": "d56c9417-189e-4b11-bd95-f8085625523b",
              "isHook": false,
              "skipped": false
            },
            {
              "title": "select new window and do some operations",
              "fullTitle": "Handle all common functionalities found in WebSite select new window and do some operations",
              "timedOut": null,
              "duration": 754,
              "state": "passed",
              "speed": "slow",
              "pass": true,
              "fail": false,
              "pending": false,
              "context": null,
              "code": "cy.visit('https://rahulshettyacademy.com/AutomationPractice/');\ncy.get('#openwindow').click();",
              "err": {},
              "uuid": "7d75e56a-f377-4eb5-b17e-7528ed221eb8",
              "parentUUID": "d56c9417-189e-4b11-bd95-f8085625523b",
              "isHook": false,
              "skipped": false
            },
            {
              "title": "select new window and do some operations",
              "fullTitle": "Handle all common functionalities found in WebSite select new window and do some operations",
              "timedOut": null,
              "duration": 9515,
              "state": "passed",
              "speed": "slow",
              "pass": true,
              "fail": false,
              "pending": false,
              "context": null,
              "code": "cy.visit('https://rahulshettyacademy.com/AutomationPractice/');\ncy.get('#opentab').invoke('removeAttr', 'target').click();\ncy.log('--Invoke the new tab in the existing window------');\ncy.contains('Courses').click();\ncy.go('back');",
              "err": {},
              "uuid": "0763a715-03aa-4a3d-bfb6-531ab1c7ed55",
              "parentUUID": "d56c9417-189e-4b11-bd95-f8085625523b",
              "isHook": false,
              "skipped": false
            },
            {
              "title": "Handling Alert and confirmation pop-ups",
              "fullTitle": "Handle all common functionalities found in WebSite Handling Alert and confirmation pop-ups",
              "timedOut": null,
              "duration": 1562,
              "state": "passed",
              "speed": "slow",
              "pass": true,
              "fail": false,
              "pending": false,
              "context": null,
              "code": "cy.visit('https://rahulshettyacademy.com/AutomationPractice/');\ncy.get('#name').type('Vishwanath');\ncy.get('#alertbtn').click();\ncy.on('window:alert', function (str) {\n  expect(str).to.equals('Hello Vishwanath, share this practice page and share your knowledge');\n});\ncy.get('#name').type('Vishwanath');\ncy.get('#confirmbtn').click();\ncy.on('window:confirm', function (conStr) {\n  expect(conStr).to.equals('Hello Vishwanath, Are you sure you want to confirm?');\n});",
              "err": {},
              "uuid": "eddb85e8-d422-40db-bb13-e716f9dde39e",
              "parentUUID": "d56c9417-189e-4b11-bd95-f8085625523b",
              "isHook": false,
              "skipped": false
            },
            {
              "title": "Verify Hide and show",
              "fullTitle": "Handle all common functionalities found in WebSite Verify Hide and show",
              "timedOut": null,
              "duration": 1071,
              "state": "passed",
              "speed": "slow",
              "pass": true,
              "fail": false,
              "pending": false,
              "context": null,
              "code": "cy.visit('https://rahulshettyacademy.com/AutomationPractice/');\ncy.get('#hide-textbox').click();\ncy.get('#displayed-text').should('not.be.visible');\ncy.get('#show-textbox').click();\ncy.get('#displayed-text').should('be.visible');",
              "err": {},
              "uuid": "f54a1366-0875-4b7a-bf95-4b5a4942510c",
              "parentUUID": "d56c9417-189e-4b11-bd95-f8085625523b",
              "isHook": false,
              "skipped": false
            },
            {
              "title": "Verify the price of (Performance + Load) course from the TABLE",
              "fullTitle": "Handle all common functionalities found in WebSite Verify the price of (Performance + Load) course from the TABLE",
              "timedOut": null,
              "duration": 883,
              "state": "passed",
              "speed": "slow",
              "pass": true,
              "fail": false,
              "pending": false,
              "context": null,
              "code": "cy.visit('https://rahulshettyacademy.com/AutomationPractice/');\ncy.get('tr td:nth-child(2)').each(function ($Course, index, $list) {\n  var CourseText = $Course.text();\n  if (CourseText.includes('Performance + Load')) {\n    cy.get('tr td:nth-child(2)').eq(index).next().then(function (price) {\n      var prices = price.text();\n      expect(prices).to.equal('25');\n    });\n  }\n});",
              "err": {},
              "uuid": "96cd7b54-bc53-4057-a669-4db4c802c915",
              "parentUUID": "d56c9417-189e-4b11-bd95-f8085625523b",
              "isHook": false,
              "skipped": false
            }
          ],
          "suites": [],
          "passes": [
            "cc16a5d0-b853-4d46-80a2-27df03b0c970",
            "701860c4-6b4a-4e4d-bb16-e4e1671bd409",
            "16c541ef-5cea-4dfd-a667-db8f03b4f47d",
            "08986c3f-2a6d-4742-8172-9e08f49c0bf2",
            "7d75e56a-f377-4eb5-b17e-7528ed221eb8",
            "0763a715-03aa-4a3d-bfb6-531ab1c7ed55",
            "eddb85e8-d422-40db-bb13-e716f9dde39e",
            "f54a1366-0875-4b7a-bf95-4b5a4942510c",
            "96cd7b54-bc53-4057-a669-4db4c802c915"
          ],
          "failures": [],
          "pending": [],
          "skipped": [],
          "duration": 23627,
          "root": false,
          "rootEmpty": false,
          "_timeout": 2000
        }
      ],
      "passes": [],
      "failures": [],
      "pending": [],
      "skipped": [],
      "duration": 0,
      "root": true,
      "rootEmpty": true,
      "_timeout": 2000
    }
  ],
  "meta": {
    "mocha": {
      "version": "5.2.0"
    },
    "mochawesome": {
      "options": {
        "quiet": false,
        "reportFilename": "mochawesome",
        "saveHtml": false,
        "saveJson": true,
        "consoleReporter": "spec",
        "useInlineDiffs": false
      },
      "version": "4.1.0"
    },
    "marge": {
      "options": {
        "id": "default",
        "reportDir": "cypress/reports/mocha",
        "quite": true,
        "overwrite": false,
        "html": false,
        "json": true
      },
      "version": "4.1.0"
    }
  }
}