{
  "stats": {
    "suites": 1,
    "tests": 9,
    "passes": 9,
    "pending": 0,
    "failures": 0,
    "start": "2020-03-03T04:35:29.389Z",
    "end": "2020-03-03T04:35:55.832Z",
    "duration": 26443,
    "testsRegistered": 9,
    "passPercent": 100,
    "pendingPercent": 0,
    "other": 0,
    "hasOther": false,
    "skipped": 0,
    "hasSkipped": false
  },
  "results": [
    {
      "uuid": "cde3d1bf-61bc-4113-a53c-6671804eab1c",
      "title": "",
      "fullFile": "cypress\\integration\\CypressTests\\4WebPage Handles.js",
      "file": "cypress\\integration\\CypressTests\\4WebPage Handles.js",
      "beforeHooks": [],
      "afterHooks": [],
      "tests": [],
      "suites": [
        {
          "uuid": "986aafbe-59f5-4e86-96fa-294265e0c7a4",
          "title": "Handle all common functionalities found in WebSite",
          "fullFile": "",
          "file": "",
          "beforeHooks": [],
          "afterHooks": [],
          "tests": [
            {
              "title": "Select radio buttons",
              "fullTitle": "Handle all common functionalities found in WebSite Select radio buttons",
              "timedOut": null,
              "duration": 6651,
              "state": "passed",
              "speed": "slow",
              "pass": true,
              "fail": false,
              "pending": false,
              "context": null,
              "code": "cy.visit('https://rahulshettyacademy.com/AutomationPractice/'); // select Radio button\ncy.get('input[value=\"radio1\"]').click().should('be.checked');",
              "err": {},
              "uuid": "3655c565-3ef1-42dc-9cdc-58c7516086f6",
              "parentUUID": "986aafbe-59f5-4e86-96fa-294265e0c7a4",
              "isHook": false,
              "skipped": false
            },
            {
              "title": "Select Suggession location",
              "fullTitle": "Handle all common functionalities found in WebSite Select Suggession location",
              "timedOut": null,
              "duration": 978,
              "state": "passed",
              "speed": "slow",
              "pass": true,
              "fail": false,
              "pending": false,
              "context": null,
              "code": "cy.visit('https://rahulshettyacademy.com/AutomationPractice/');\ncy.get('#autocomplete').type('ind');\ncy.get('#ui-id-1').find('.ui-menu-item').each(function ($el, index, $list) {\n  var suggestions = $el.text();\n  if (suggestions == 'India') {\n    $el.find('div').click();\n  }\n});",
              "err": {},
              "uuid": "6af160db-23b1-4701-bdd9-2a4eb1437ef9",
              "parentUUID": "986aafbe-59f5-4e86-96fa-294265e0c7a4",
              "isHook": false,
              "skipped": false
            },
            {
              "title": "select drop down options",
              "fullTitle": "Handle all common functionalities found in WebSite select drop down options",
              "timedOut": null,
              "duration": 1164,
              "state": "passed",
              "speed": "slow",
              "pass": true,
              "fail": false,
              "pending": false,
              "context": null,
              "code": "cy.visit('https://rahulshettyacademy.com/AutomationPractice/');\ncy.get('select').select('Option3').should('have.value', 'option3');",
              "err": {},
              "uuid": "40957a1e-e3d3-40a0-81ef-caf229b4f15a",
              "parentUUID": "986aafbe-59f5-4e86-96fa-294265e0c7a4",
              "isHook": false,
              "skipped": false
            },
            {
              "title": "select Checkbox options",
              "fullTitle": "Handle all common functionalities found in WebSite select Checkbox options",
              "timedOut": null,
              "duration": 2942,
              "state": "passed",
              "speed": "slow",
              "pass": true,
              "fail": false,
              "pending": false,
              "context": null,
              "code": "cy.visit('https://rahulshettyacademy.com/AutomationPractice/');\ncy.get('#checkBoxOption2').click().should('be.checked');",
              "err": {},
              "uuid": "f310976e-f598-40d1-bfdb-06f06a2d30e3",
              "parentUUID": "986aafbe-59f5-4e86-96fa-294265e0c7a4",
              "isHook": false,
              "skipped": false
            },
            {
              "title": "select new window and do some operations",
              "fullTitle": "Handle all common functionalities found in WebSite select new window and do some operations",
              "timedOut": null,
              "duration": 625,
              "state": "passed",
              "speed": "slow",
              "pass": true,
              "fail": false,
              "pending": false,
              "context": null,
              "code": "cy.visit('https://rahulshettyacademy.com/AutomationPractice/');\ncy.get('#openwindow').click();",
              "err": {},
              "uuid": "5a4b2070-43c5-4238-9aa4-5059b077cb64",
              "parentUUID": "986aafbe-59f5-4e86-96fa-294265e0c7a4",
              "isHook": false,
              "skipped": false
            },
            {
              "title": "select new window and do some operations",
              "fullTitle": "Handle all common functionalities found in WebSite select new window and do some operations",
              "timedOut": null,
              "duration": 8927,
              "state": "passed",
              "speed": "slow",
              "pass": true,
              "fail": false,
              "pending": false,
              "context": null,
              "code": "cy.visit('https://rahulshettyacademy.com/AutomationPractice/');\ncy.get('#opentab').invoke('removeAttr', 'target').click();\ncy.log('--Invoke the new tab in the existing window------');\ncy.contains('Courses').click();\ncy.go('back');",
              "err": {},
              "uuid": "afd706c9-bede-4c07-a750-4ffc4e4e71f1",
              "parentUUID": "986aafbe-59f5-4e86-96fa-294265e0c7a4",
              "isHook": false,
              "skipped": false
            },
            {
              "title": "Handling Alert and confirmation pop-ups",
              "fullTitle": "Handle all common functionalities found in WebSite Handling Alert and confirmation pop-ups",
              "timedOut": null,
              "duration": 1389,
              "state": "passed",
              "speed": "slow",
              "pass": true,
              "fail": false,
              "pending": false,
              "context": null,
              "code": "cy.visit('https://rahulshettyacademy.com/AutomationPractice/');\ncy.get('#name').type('Vishwanath');\ncy.get('#alertbtn').click();\ncy.on('window:alert', function (str) {\n  expect(str).to.equals('Hello Vishwanath, share this practice page and share your knowledge');\n});\ncy.get('#name').type('Vishwanath');\ncy.get('#confirmbtn').click();\ncy.on('window:confirm', function (conStr) {\n  expect(conStr).to.equals('Hello Vishwanath, Are you sure you want to confirm?');\n});",
              "err": {},
              "uuid": "7fef0e9f-0e45-4ecd-929d-a73643338e32",
              "parentUUID": "986aafbe-59f5-4e86-96fa-294265e0c7a4",
              "isHook": false,
              "skipped": false
            },
            {
              "title": "Verify Hide and show",
              "fullTitle": "Handle all common functionalities found in WebSite Verify Hide and show",
              "timedOut": null,
              "duration": 1186,
              "state": "passed",
              "speed": "slow",
              "pass": true,
              "fail": false,
              "pending": false,
              "context": null,
              "code": "cy.visit('https://rahulshettyacademy.com/AutomationPractice/');\ncy.get('#hide-textbox').click();\ncy.get('#displayed-text').should('not.be.visible');\ncy.get('#show-textbox').click();\ncy.get('#displayed-text').should('be.visible');",
              "err": {},
              "uuid": "59d4a69f-75cb-458f-85e8-e7f5d18279bc",
              "parentUUID": "986aafbe-59f5-4e86-96fa-294265e0c7a4",
              "isHook": false,
              "skipped": false
            },
            {
              "title": "Verify the price of (Performance + Load) course from the TABLE",
              "fullTitle": "Handle all common functionalities found in WebSite Verify the price of (Performance + Load) course from the TABLE",
              "timedOut": null,
              "duration": 606,
              "state": "passed",
              "speed": "slow",
              "pass": true,
              "fail": false,
              "pending": false,
              "context": null,
              "code": "cy.visit('https://rahulshettyacademy.com/AutomationPractice/');\ncy.get('tr td:nth-child(2)').each(function ($Course, index, $list) {\n  var CourseText = $Course.text();\n  if (CourseText.includes('Performance + Load')) {\n    cy.get('tr td:nth-child(2)').eq(index).next().then(function (price) {\n      var prices = price.text();\n      expect(prices).to.equal('25');\n    });\n  }\n});",
              "err": {},
              "uuid": "8211ff2c-d7d7-46cc-97ea-c54e993cdf37",
              "parentUUID": "986aafbe-59f5-4e86-96fa-294265e0c7a4",
              "isHook": false,
              "skipped": false
            }
          ],
          "suites": [],
          "passes": [
            "3655c565-3ef1-42dc-9cdc-58c7516086f6",
            "6af160db-23b1-4701-bdd9-2a4eb1437ef9",
            "40957a1e-e3d3-40a0-81ef-caf229b4f15a",
            "f310976e-f598-40d1-bfdb-06f06a2d30e3",
            "5a4b2070-43c5-4238-9aa4-5059b077cb64",
            "afd706c9-bede-4c07-a750-4ffc4e4e71f1",
            "7fef0e9f-0e45-4ecd-929d-a73643338e32",
            "59d4a69f-75cb-458f-85e8-e7f5d18279bc",
            "8211ff2c-d7d7-46cc-97ea-c54e993cdf37"
          ],
          "failures": [],
          "pending": [],
          "skipped": [],
          "duration": 24468,
          "root": false,
          "rootEmpty": false,
          "_timeout": 2000
        }
      ],
      "passes": [],
      "failures": [],
      "pending": [],
      "skipped": [],
      "duration": 0,
      "root": true,
      "rootEmpty": true,
      "_timeout": 2000
    }
  ],
  "meta": {
    "mocha": {
      "version": "5.2.0"
    },
    "mochawesome": {
      "options": {
        "quiet": false,
        "reportFilename": "mochawesome",
        "saveHtml": false,
        "saveJson": true,
        "consoleReporter": "spec",
        "useInlineDiffs": false
      },
      "version": "4.1.0"
    },
    "marge": {
      "options": {
        "id": "default",
        "reportDir": "cypress/reports/mocha",
        "quite": true,
        "overwrite": false,
        "html": false,
        "json": true
      },
      "version": "4.1.0"
    }
  }
}