{
  "stats": {
    "suites": 1,
    "tests": 1,
    "passes": 1,
    "pending": 0,
    "failures": 0,
    "start": "2020-03-03T07:12:14.467Z",
    "end": "2020-03-03T07:12:20.239Z",
    "duration": 5772,
    "testsRegistered": 1,
    "passPercent": 100,
    "pendingPercent": 0,
    "other": 0,
    "hasOther": false,
    "skipped": 0,
    "hasSkipped": false
  },
  "results": [
    {
      "uuid": "2f61c8ac-9687-4306-b19d-970cfcba9748",
      "title": "",
      "fullFile": "cypress\\integration\\CypressTests\\Test1.js",
      "file": "cypress\\integration\\CypressTests\\Test1.js",
      "beforeHooks": [],
      "afterHooks": [],
      "tests": [],
      "suites": [
        {
          "uuid": "2263e28e-25c5-45bb-b5e0-ba157dbc5268",
          "title": "Register user and validate the features",
          "fullFile": "",
          "file": "",
          "beforeHooks": [],
          "afterHooks": [],
          "tests": [
            {
              "title": "NAvigate to portal and click on Register link",
              "fullTitle": "Register user and validate the features NAvigate to portal and click on Register link",
              "timedOut": null,
              "duration": 2692,
              "state": "passed",
              "speed": "slow",
              "pass": true,
              "fail": false,
              "pending": false,
              "context": null,
              "code": "// cy.writeFile('cypress/fixtures/config.json', \n// {\n//     emails: 'jane@example.com',\n//   })\n//cy.visit('https://demo.nopcommerce.com/')\nvar r = Math.random().toString(36).substring(7);\ncy.log(r);\ncy.visit('https://demo.nopcommerce.com/'); // cy.get('.ico-register').click()\n// cy.get('.page-title').find('h1').should('have.text','Register')\n// cy.log('<---------Welcome To Registration Page--------->')\n// cy.get('.male').find('input[type=radio]').should('have.value','M').click()\n// cy.get('#FirstName').type('Vishw')\n// cy.get('#LastName').type('SM')\n// cy.get('select[name=\"DateOfBirthDay\"]').select('7').should('have.value','7')\n// cy.get('select[name=\"DateOfBirthMonth\"]').select('February').should('have.value','2')\n// cy.get('select[name=\"DateOfBirthYear\"]').select('1931').should('have.value','1931')\n// cy.get('#Email').type('offynarre-733@yopmail.com')\n// cy.get('#Company').type('SelfLearning.co')\n// cy.get('#Password').type('vishwa1234')\n// cy.get('#ConfirmPassword').type('vishwa1234')\n// cy.get('#register-button').click()\n// cy.get('.page.registration-result-page').find('.result').should('have.text','Your registration completed')",
              "err": {},
              "uuid": "f48809ce-1803-48b0-8796-70eaf51aedee",
              "parentUUID": "2263e28e-25c5-45bb-b5e0-ba157dbc5268",
              "isHook": false,
              "skipped": false
            }
          ],
          "suites": [],
          "passes": [
            "f48809ce-1803-48b0-8796-70eaf51aedee"
          ],
          "failures": [],
          "pending": [],
          "skipped": [],
          "duration": 2692,
          "root": false,
          "rootEmpty": false,
          "_timeout": 2000
        }
      ],
      "passes": [],
      "failures": [],
      "pending": [],
      "skipped": [],
      "duration": 0,
      "root": true,
      "rootEmpty": true,
      "_timeout": 2000
    }
  ],
  "meta": {
    "mocha": {
      "version": "5.2.0"
    },
    "mochawesome": {
      "options": {
        "quiet": false,
        "reportFilename": "mochawesome",
        "saveHtml": false,
        "saveJson": true,
        "consoleReporter": "spec",
        "useInlineDiffs": false
      },
      "version": "4.1.0"
    },
    "marge": {
      "options": {
        "id": "default",
        "reportDir": "cypress/reports/mocha",
        "quite": true,
        "overwrite": false,
        "html": false,
        "json": true
      },
      "version": "4.1.0"
    }
  }
}