{
  "stats": {
    "suites": 1,
    "tests": 9,
    "passes": 9,
    "pending": 0,
    "failures": 0,
    "start": "2020-03-02T10:42:58.238Z",
    "end": "2020-03-02T10:43:24.863Z",
    "duration": 26625,
    "testsRegistered": 9,
    "passPercent": 100,
    "pendingPercent": 0,
    "other": 0,
    "hasOther": false,
    "skipped": 0,
    "hasSkipped": false
  },
  "results": [
    {
      "uuid": "962a6b89-3b58-4d21-91a3-daff267fd799",
      "title": "",
      "fullFile": "cypress\\integration\\CypressTests\\4WebPage Handles.js",
      "file": "cypress\\integration\\CypressTests\\4WebPage Handles.js",
      "beforeHooks": [],
      "afterHooks": [],
      "tests": [],
      "suites": [
        {
          "uuid": "2c9837c7-6d07-4ceb-a32f-8cdf00f8abdb",
          "title": "Handle all common functionalities found in WebSite",
          "fullFile": "",
          "file": "",
          "beforeHooks": [],
          "afterHooks": [],
          "tests": [
            {
              "title": "Select radio buttons",
              "fullTitle": "Handle all common functionalities found in WebSite Select radio buttons",
              "timedOut": null,
              "duration": 7022,
              "state": "passed",
              "speed": "slow",
              "pass": true,
              "fail": false,
              "pending": false,
              "context": null,
              "code": "cy.visit('https://rahulshettyacademy.com/AutomationPractice/'); // select Radio button\ncy.get('input[value=\"radio1\"]').click().should('be.checked');",
              "err": {},
              "uuid": "45ccc5b8-c6f0-403b-a40f-c0d0546382e3",
              "parentUUID": "2c9837c7-6d07-4ceb-a32f-8cdf00f8abdb",
              "isHook": false,
              "skipped": false
            },
            {
              "title": "Select Suggession location",
              "fullTitle": "Handle all common functionalities found in WebSite Select Suggession location",
              "timedOut": null,
              "duration": 1276,
              "state": "passed",
              "speed": "slow",
              "pass": true,
              "fail": false,
              "pending": false,
              "context": null,
              "code": "cy.visit('https://rahulshettyacademy.com/AutomationPractice/');\ncy.get('#autocomplete').type('ind');\ncy.get('#ui-id-1').find('.ui-menu-item').each(function ($el, index, $list) {\n  var suggestions = $el.text();\n  if (suggestions == 'India') {\n    $el.find('div').click();\n  }\n});",
              "err": {},
              "uuid": "7932e3db-5a15-42a1-96d4-58a016462739",
              "parentUUID": "2c9837c7-6d07-4ceb-a32f-8cdf00f8abdb",
              "isHook": false,
              "skipped": false
            },
            {
              "title": "select drop down options",
              "fullTitle": "Handle all common functionalities found in WebSite select drop down options",
              "timedOut": null,
              "duration": 2090,
              "state": "passed",
              "speed": "slow",
              "pass": true,
              "fail": false,
              "pending": false,
              "context": null,
              "code": "cy.visit('https://rahulshettyacademy.com/AutomationPractice/');\ncy.get('select').select('Option3').should('have.value', 'option3');",
              "err": {},
              "uuid": "59d082bb-9c9b-45a8-9af8-ebd3caa7d33d",
              "parentUUID": "2c9837c7-6d07-4ceb-a32f-8cdf00f8abdb",
              "isHook": false,
              "skipped": false
            },
            {
              "title": "select Checkbox options",
              "fullTitle": "Handle all common functionalities found in WebSite select Checkbox options",
              "timedOut": null,
              "duration": 921,
              "state": "passed",
              "speed": "slow",
              "pass": true,
              "fail": false,
              "pending": false,
              "context": null,
              "code": "cy.visit('https://rahulshettyacademy.com/AutomationPractice/');\ncy.get('#checkBoxOption2').click().should('be.checked');",
              "err": {},
              "uuid": "d7c7ab97-78bb-4df7-bcec-e677fea592f8",
              "parentUUID": "2c9837c7-6d07-4ceb-a32f-8cdf00f8abdb",
              "isHook": false,
              "skipped": false
            },
            {
              "title": "select new window and do some operations",
              "fullTitle": "Handle all common functionalities found in WebSite select new window and do some operations",
              "timedOut": null,
              "duration": 2297,
              "state": "passed",
              "speed": "slow",
              "pass": true,
              "fail": false,
              "pending": false,
              "context": null,
              "code": "cy.visit('https://rahulshettyacademy.com/AutomationPractice/');\ncy.get('#openwindow').click();",
              "err": {},
              "uuid": "4d2b8072-0f9c-4c4e-a03c-97d98b12bc72",
              "parentUUID": "2c9837c7-6d07-4ceb-a32f-8cdf00f8abdb",
              "isHook": false,
              "skipped": false
            },
            {
              "title": "select new window and do some operations",
              "fullTitle": "Handle all common functionalities found in WebSite select new window and do some operations",
              "timedOut": null,
              "duration": 8285,
              "state": "passed",
              "speed": "slow",
              "pass": true,
              "fail": false,
              "pending": false,
              "context": null,
              "code": "cy.visit('https://rahulshettyacademy.com/AutomationPractice/');\ncy.get('#opentab').invoke('removeAttr', 'target').click();\ncy.log('--Invoke the new tab in the existing window------');\ncy.contains('Courses').click();\ncy.go('back');",
              "err": {},
              "uuid": "992fdff0-be95-43b7-9c8b-b6d0cf8cc52e",
              "parentUUID": "2c9837c7-6d07-4ceb-a32f-8cdf00f8abdb",
              "isHook": false,
              "skipped": false
            },
            {
              "title": "Handling Alert and confirmation pop-ups",
              "fullTitle": "Handle all common functionalities found in WebSite Handling Alert and confirmation pop-ups",
              "timedOut": null,
              "duration": 1244,
              "state": "passed",
              "speed": "slow",
              "pass": true,
              "fail": false,
              "pending": false,
              "context": null,
              "code": "cy.visit('https://rahulshettyacademy.com/AutomationPractice/');\ncy.get('#name').type('Vishwanath');\ncy.get('#alertbtn').click();\ncy.on('window:alert', function (str) {\n  expect(str).to.equals('Hello Vishwanath, share this practice page and share your knowledge');\n});\ncy.get('#name').type('Vishwanath');\ncy.get('#confirmbtn').click();\ncy.on('window:confirm', function (conStr) {\n  expect(conStr).to.equals('Hello Vishwanath, Are you sure you want to confirm?');\n});",
              "err": {},
              "uuid": "a232e801-e989-4713-be22-eb14b22dd0bd",
              "parentUUID": "2c9837c7-6d07-4ceb-a32f-8cdf00f8abdb",
              "isHook": false,
              "skipped": false
            },
            {
              "title": "Verify Hide and show",
              "fullTitle": "Handle all common functionalities found in WebSite Verify Hide and show",
              "timedOut": null,
              "duration": 780,
              "state": "passed",
              "speed": "slow",
              "pass": true,
              "fail": false,
              "pending": false,
              "context": null,
              "code": "cy.visit('https://rahulshettyacademy.com/AutomationPractice/');\ncy.get('#hide-textbox').click();\ncy.get('#displayed-text').should('not.be.visible');\ncy.get('#show-textbox').click();\ncy.get('#displayed-text').should('be.visible');",
              "err": {},
              "uuid": "7f86e2fd-9b3e-49ab-94e7-299272bdf798",
              "parentUUID": "2c9837c7-6d07-4ceb-a32f-8cdf00f8abdb",
              "isHook": false,
              "skipped": false
            },
            {
              "title": "Verify the price of (Performance + Load) course from the TABLE",
              "fullTitle": "Handle all common functionalities found in WebSite Verify the price of (Performance + Load) course from the TABLE",
              "timedOut": null,
              "duration": 549,
              "state": "passed",
              "speed": "slow",
              "pass": true,
              "fail": false,
              "pending": false,
              "context": null,
              "code": "cy.visit('https://rahulshettyacademy.com/AutomationPractice/');\ncy.get('tr td:nth-child(2)').each(function ($Course, index, $list) {\n  var CourseText = $Course.text();\n  if (CourseText.includes('Performance + Load')) {\n    cy.get('tr td:nth-child(2)').eq(index).next().then(function (price) {\n      var prices = price.text();\n      expect(prices).to.equal('25');\n    });\n  }\n});",
              "err": {},
              "uuid": "6a42071f-1324-4a19-a072-538d9f03d10c",
              "parentUUID": "2c9837c7-6d07-4ceb-a32f-8cdf00f8abdb",
              "isHook": false,
              "skipped": false
            }
          ],
          "suites": [],
          "passes": [
            "45ccc5b8-c6f0-403b-a40f-c0d0546382e3",
            "7932e3db-5a15-42a1-96d4-58a016462739",
            "59d082bb-9c9b-45a8-9af8-ebd3caa7d33d",
            "d7c7ab97-78bb-4df7-bcec-e677fea592f8",
            "4d2b8072-0f9c-4c4e-a03c-97d98b12bc72",
            "992fdff0-be95-43b7-9c8b-b6d0cf8cc52e",
            "a232e801-e989-4713-be22-eb14b22dd0bd",
            "7f86e2fd-9b3e-49ab-94e7-299272bdf798",
            "6a42071f-1324-4a19-a072-538d9f03d10c"
          ],
          "failures": [],
          "pending": [],
          "skipped": [],
          "duration": 24464,
          "root": false,
          "rootEmpty": false,
          "_timeout": 2000
        }
      ],
      "passes": [],
      "failures": [],
      "pending": [],
      "skipped": [],
      "duration": 0,
      "root": true,
      "rootEmpty": true,
      "_timeout": 2000
    }
  ],
  "meta": {
    "mocha": {
      "version": "5.2.0"
    },
    "mochawesome": {
      "options": {
        "quiet": false,
        "reportFilename": "mochawesome",
        "saveHtml": false,
        "saveJson": true,
        "consoleReporter": "spec",
        "useInlineDiffs": false
      },
      "version": "4.1.0"
    },
    "marge": {
      "options": {
        "id": "default",
        "reportDir": "cypress/reports/mocha",
        "quite": true,
        "overwrite": false,
        "html": false,
        "json": true
      },
      "version": "4.1.0"
    }
  }
}