{
  "stats": {
    "suites": 1,
    "tests": 1,
    "passes": 1,
    "pending": 0,
    "failures": 0,
    "start": "2020-03-03T05:13:58.047Z",
    "end": "2020-03-03T05:14:26.667Z",
    "duration": 28620,
    "testsRegistered": 1,
    "passPercent": 100,
    "pendingPercent": 0,
    "other": 0,
    "hasOther": false,
    "skipped": 0,
    "hasSkipped": false
  },
  "results": [
    {
      "uuid": "0a11e62e-bf09-4245-ae2c-d5532d9962ad",
      "title": "",
      "fullFile": "cypress\\integration\\CypressTests\\3Seach and Place Order.js",
      "file": "cypress\\integration\\CypressTests\\3Seach and Place Order.js",
      "beforeHooks": [],
      "afterHooks": [],
      "tests": [],
      "suites": [
        {
          "uuid": "e30ac748-02a8-464c-baf3-cefcffd59b9b",
          "title": "Search for the product and place order",
          "fullFile": "",
          "file": "",
          "beforeHooks": [],
          "afterHooks": [],
          "tests": [
            {
              "title": "search and place order",
              "fullTitle": "Search for the product and place order search and place order",
              "timedOut": null,
              "duration": 25700,
              "state": "passed",
              "speed": "slow",
              "pass": true,
              "fail": false,
              "pending": false,
              "context": null,
              "code": "var homepage = new _HomePage[\"default\"]();\nvar loginpage = new _LoginPage[\"default\"]();\ncy.visit(Cypress.env('url'));\ncy.Login();\nhomepage.searchTextfield().type('HTC').type('{enter}');\ncy.get('.product-grid div .item-box ').find('.details h2').each(function ($mobile, index, $list) {\n  var mobiles = $mobile.text();\n  cy.log(mobiles);\n  if (mobiles.includes('HTC One Mini Blue')) {\n    cy.log(mobiles);\n    cy.get('input[value=\"Add to cart\"]').eq(index).click();\n    cy.wait(3000);\n  }\n}); //click on shoping cart link\ncy.get('#topcartlink').find('.cart-label').click(); // // verify we navigated to shopping cart page\ncy.get('.page-title').find('h1').should('have.text', 'Shopping cart'); //verify expected product added to cart\ncy.get('.product-name').should('have.text', 'HTC One Mini Blue'); //click on checkout\ncy.get('.terms-of-service').find('#termsofservice').click();\ncy.get('#checkout').click();",
              "err": {},
              "uuid": "d485492c-f5c4-46fe-94eb-c1033873f512",
              "parentUUID": "e30ac748-02a8-464c-baf3-cefcffd59b9b",
              "isHook": false,
              "skipped": false
            }
          ],
          "suites": [],
          "passes": [
            "d485492c-f5c4-46fe-94eb-c1033873f512"
          ],
          "failures": [],
          "pending": [],
          "skipped": [],
          "duration": 25700,
          "root": false,
          "rootEmpty": false,
          "_timeout": 2000
        }
      ],
      "passes": [],
      "failures": [],
      "pending": [],
      "skipped": [],
      "duration": 0,
      "root": true,
      "rootEmpty": true,
      "_timeout": 2000
    }
  ],
  "meta": {
    "mocha": {
      "version": "5.2.0"
    },
    "mochawesome": {
      "options": {
        "quiet": false,
        "reportFilename": "mochawesome",
        "saveHtml": false,
        "saveJson": true,
        "consoleReporter": "spec",
        "useInlineDiffs": false
      },
      "version": "4.1.0"
    },
    "marge": {
      "options": {
        "id": "default",
        "reportDir": "cypress/reports/mocha",
        "quite": true,
        "overwrite": false,
        "html": false,
        "json": true
      },
      "version": "4.1.0"
    }
  }
}