{
  "stats": {
    "suites": 1,
    "tests": 9,
    "passes": 9,
    "pending": 0,
    "failures": 0,
    "start": "2020-03-03T05:14:39.516Z",
    "end": "2020-03-03T05:15:00.299Z",
    "duration": 20783,
    "testsRegistered": 9,
    "passPercent": 100,
    "pendingPercent": 0,
    "other": 0,
    "hasOther": false,
    "skipped": 0,
    "hasSkipped": false
  },
  "results": [
    {
      "uuid": "becd0615-e93f-471f-acb8-a3fa5a35e3d4",
      "title": "",
      "fullFile": "cypress\\integration\\CypressTests\\4WebPage Handles.js",
      "file": "cypress\\integration\\CypressTests\\4WebPage Handles.js",
      "beforeHooks": [],
      "afterHooks": [],
      "tests": [],
      "suites": [
        {
          "uuid": "28805b8c-c2a9-4843-b81c-db2a5db972b0",
          "title": "Handle all common functionalities found in WebSite",
          "fullFile": "",
          "file": "",
          "beforeHooks": [],
          "afterHooks": [],
          "tests": [
            {
              "title": "Select radio buttons",
              "fullTitle": "Handle all common functionalities found in WebSite Select radio buttons",
              "timedOut": null,
              "duration": 3488,
              "state": "passed",
              "speed": "slow",
              "pass": true,
              "fail": false,
              "pending": false,
              "context": null,
              "code": "cy.visit('https://rahulshettyacademy.com/AutomationPractice/'); // select Radio button\ncy.get('input[value=\"radio1\"]').click().should('be.checked');",
              "err": {},
              "uuid": "9bc336f4-ab14-469d-a308-49c850fb0d18",
              "parentUUID": "28805b8c-c2a9-4843-b81c-db2a5db972b0",
              "isHook": false,
              "skipped": false
            },
            {
              "title": "Select Suggession location",
              "fullTitle": "Handle all common functionalities found in WebSite Select Suggession location",
              "timedOut": null,
              "duration": 1729,
              "state": "passed",
              "speed": "slow",
              "pass": true,
              "fail": false,
              "pending": false,
              "context": null,
              "code": "cy.visit('https://rahulshettyacademy.com/AutomationPractice/');\ncy.get('#autocomplete').type('ind');\ncy.get('#ui-id-1').find('.ui-menu-item').each(function ($el, index, $list) {\n  var suggestions = $el.text();\n  if (suggestions == 'India') {\n    $el.find('div').click();\n  }\n});",
              "err": {},
              "uuid": "f202760a-a208-4501-9ec8-4c5bcc13f8cd",
              "parentUUID": "28805b8c-c2a9-4843-b81c-db2a5db972b0",
              "isHook": false,
              "skipped": false
            },
            {
              "title": "select drop down options",
              "fullTitle": "Handle all common functionalities found in WebSite select drop down options",
              "timedOut": null,
              "duration": 689,
              "state": "passed",
              "speed": "slow",
              "pass": true,
              "fail": false,
              "pending": false,
              "context": null,
              "code": "cy.visit('https://rahulshettyacademy.com/AutomationPractice/');\ncy.get('select').select('Option3').should('have.value', 'option3');",
              "err": {},
              "uuid": "ca8378bc-6064-4954-8962-e214acc91356",
              "parentUUID": "28805b8c-c2a9-4843-b81c-db2a5db972b0",
              "isHook": false,
              "skipped": false
            },
            {
              "title": "select Checkbox options",
              "fullTitle": "Handle all common functionalities found in WebSite select Checkbox options",
              "timedOut": null,
              "duration": 1358,
              "state": "passed",
              "speed": "slow",
              "pass": true,
              "fail": false,
              "pending": false,
              "context": null,
              "code": "cy.visit('https://rahulshettyacademy.com/AutomationPractice/');\ncy.get('#checkBoxOption2').click().should('be.checked');",
              "err": {},
              "uuid": "a8bc28ee-5fe1-490d-934d-5ec5525a7f56",
              "parentUUID": "28805b8c-c2a9-4843-b81c-db2a5db972b0",
              "isHook": false,
              "skipped": false
            },
            {
              "title": "select new window and do some operations",
              "fullTitle": "Handle all common functionalities found in WebSite select new window and do some operations",
              "timedOut": null,
              "duration": 621,
              "state": "passed",
              "speed": "slow",
              "pass": true,
              "fail": false,
              "pending": false,
              "context": null,
              "code": "cy.visit('https://rahulshettyacademy.com/AutomationPractice/');\ncy.get('#openwindow').click();",
              "err": {},
              "uuid": "dc8cc5db-418c-4786-af6b-db6ed3687bbd",
              "parentUUID": "28805b8c-c2a9-4843-b81c-db2a5db972b0",
              "isHook": false,
              "skipped": false
            },
            {
              "title": "select new window and do some operations",
              "fullTitle": "Handle all common functionalities found in WebSite select new window and do some operations",
              "timedOut": null,
              "duration": 7623,
              "state": "passed",
              "speed": "slow",
              "pass": true,
              "fail": false,
              "pending": false,
              "context": null,
              "code": "cy.visit('https://rahulshettyacademy.com/AutomationPractice/');\ncy.get('#opentab').invoke('removeAttr', 'target').click();\ncy.log('--Invoke the new tab in the existing window------');\ncy.contains('Courses').click();\ncy.go('back');",
              "err": {},
              "uuid": "b3a1024e-7887-4966-adaf-cebdb88121da",
              "parentUUID": "28805b8c-c2a9-4843-b81c-db2a5db972b0",
              "isHook": false,
              "skipped": false
            },
            {
              "title": "Handling Alert and confirmation pop-ups",
              "fullTitle": "Handle all common functionalities found in WebSite Handling Alert and confirmation pop-ups",
              "timedOut": null,
              "duration": 1423,
              "state": "passed",
              "speed": "slow",
              "pass": true,
              "fail": false,
              "pending": false,
              "context": null,
              "code": "cy.visit('https://rahulshettyacademy.com/AutomationPractice/');\ncy.get('#name').type('Vishwanath');\ncy.get('#alertbtn').click();\ncy.on('window:alert', function (str) {\n  expect(str).to.equals('Hello Vishwanath, share this practice page and share your knowledge');\n});\ncy.get('#name').type('Vishwanath');\ncy.get('#confirmbtn').click();\ncy.on('window:confirm', function (conStr) {\n  expect(conStr).to.equals('Hello Vishwanath, Are you sure you want to confirm?');\n});",
              "err": {},
              "uuid": "20833b1b-a54e-46d6-9536-dba30caa5246",
              "parentUUID": "28805b8c-c2a9-4843-b81c-db2a5db972b0",
              "isHook": false,
              "skipped": false
            },
            {
              "title": "Verify Hide and show",
              "fullTitle": "Handle all common functionalities found in WebSite Verify Hide and show",
              "timedOut": null,
              "duration": 1139,
              "state": "passed",
              "speed": "slow",
              "pass": true,
              "fail": false,
              "pending": false,
              "context": null,
              "code": "cy.visit('https://rahulshettyacademy.com/AutomationPractice/');\ncy.get('#hide-textbox').click();\ncy.get('#displayed-text').should('not.be.visible');\ncy.get('#show-textbox').click();\ncy.get('#displayed-text').should('be.visible');",
              "err": {},
              "uuid": "2b1c6aa7-4c80-4d47-8d6a-79d6ae4a5531",
              "parentUUID": "28805b8c-c2a9-4843-b81c-db2a5db972b0",
              "isHook": false,
              "skipped": false
            },
            {
              "title": "Verify the price of (Performance + Load) course from the TABLE",
              "fullTitle": "Handle all common functionalities found in WebSite Verify the price of (Performance + Load) course from the TABLE",
              "timedOut": null,
              "duration": 541,
              "state": "passed",
              "speed": "slow",
              "pass": true,
              "fail": false,
              "pending": false,
              "context": null,
              "code": "cy.visit('https://rahulshettyacademy.com/AutomationPractice/');\ncy.get('tr td:nth-child(2)').each(function ($Course, index, $list) {\n  var CourseText = $Course.text();\n  if (CourseText.includes('Performance + Load')) {\n    cy.get('tr td:nth-child(2)').eq(index).next().then(function (price) {\n      var prices = price.text();\n      expect(prices).to.equal('25');\n    });\n  }\n});",
              "err": {},
              "uuid": "4fef4213-10bd-4df4-afc4-31e684743d4d",
              "parentUUID": "28805b8c-c2a9-4843-b81c-db2a5db972b0",
              "isHook": false,
              "skipped": false
            }
          ],
          "suites": [],
          "passes": [
            "9bc336f4-ab14-469d-a308-49c850fb0d18",
            "f202760a-a208-4501-9ec8-4c5bcc13f8cd",
            "ca8378bc-6064-4954-8962-e214acc91356",
            "a8bc28ee-5fe1-490d-934d-5ec5525a7f56",
            "dc8cc5db-418c-4786-af6b-db6ed3687bbd",
            "b3a1024e-7887-4966-adaf-cebdb88121da",
            "20833b1b-a54e-46d6-9536-dba30caa5246",
            "2b1c6aa7-4c80-4d47-8d6a-79d6ae4a5531",
            "4fef4213-10bd-4df4-afc4-31e684743d4d"
          ],
          "failures": [],
          "pending": [],
          "skipped": [],
          "duration": 18611,
          "root": false,
          "rootEmpty": false,
          "_timeout": 2000
        }
      ],
      "passes": [],
      "failures": [],
      "pending": [],
      "skipped": [],
      "duration": 0,
      "root": true,
      "rootEmpty": true,
      "_timeout": 2000
    }
  ],
  "meta": {
    "mocha": {
      "version": "5.2.0"
    },
    "mochawesome": {
      "options": {
        "quiet": false,
        "reportFilename": "mochawesome",
        "saveHtml": false,
        "saveJson": true,
        "consoleReporter": "spec",
        "useInlineDiffs": false
      },
      "version": "4.1.0"
    },
    "marge": {
      "options": {
        "id": "default",
        "reportDir": "cypress/reports/mocha",
        "quite": true,
        "overwrite": false,
        "html": false,
        "json": true
      },
      "version": "4.1.0"
    }
  }
}