{
  "stats": {
    "suites": 1,
    "tests": 1,
    "passes": 1,
    "pending": 0,
    "failures": 0,
    "start": "2020-03-03T07:00:53.382Z",
    "end": "2020-03-03T07:01:06.235Z",
    "duration": 12853,
    "testsRegistered": 1,
    "passPercent": 100,
    "pendingPercent": 0,
    "other": 0,
    "hasOther": false,
    "skipped": 0,
    "hasSkipped": false
  },
  "results": [
    {
      "uuid": "e5427dc3-b2c9-4015-9be1-613ad4883575",
      "title": "",
      "fullFile": "cypress\\integration\\CypressTests\\1Register the user.js",
      "file": "cypress\\integration\\CypressTests\\1Register the user.js",
      "beforeHooks": [],
      "afterHooks": [],
      "tests": [],
      "suites": [
        {
          "uuid": "1b904ae2-7001-41ec-b405-f1fa30854f42",
          "title": "Register user and validate the features",
          "fullFile": "",
          "file": "",
          "beforeHooks": [],
          "afterHooks": [],
          "tests": [
            {
              "title": "Navigate to portal and Register the user",
              "fullTitle": "Register user and validate the features Navigate to portal and Register the user",
              "timedOut": null,
              "duration": 9758,
              "state": "passed",
              "speed": "slow",
              "pass": true,
              "fail": false,
              "pending": false,
              "context": null,
              "code": "var registerPage = new _RegisterPage[\"default\"]();\nvar homepage = new _HomePage[\"default\"]();\ncy.visit(Cypress.env('url')); //cy.visit('https://demo.nopcommerce.com/')\nhomepage.homeRegisterLink().click();\nregisterPage.registerPageHeader();\ncy.log('<---------Welcome To Registration Page--------->');\nregisterPage.registerGender().should('have.value', 'M').click();\nregisterPage.registerFirstName().type('Vishwanath');\nregisterPage.registerLastName().type('Maralappanavar');\nregisterPage.registerSelectDayOfBirth().select(this.data.DateOfBirthDay).should('have.value', this.data.DateOfBirthDay);\nregisterPage.registerSelectDayOfMonth().select(this.data.DateOfBirthMonth).should('have.value', '2');\nregisterPage.registerSelectDayOfYear().select(this.data.DateOfBirthYear).should('have.value', this.data.DateOfBirthYear); //Generate random string\nvar randomEmailId = Math.random().toString(36).substring(7);\nvar EmailId = randomEmailId + \"@\" + \"yopmail.com\";\nregisterPage.registerUSerEMail().type(EmailId);\nregisterPage.registerCompanyName().type('SelfLearning.co');\nregisterPage.registerPassword().type(this.data.Password);\nregisterPage.registerConfirmPassword().type(this.data.Password);\nregisterPage.registerRegisterButton().click();\nregisterPage.registerSuccessMessage();\ncy.log('<--------Successfully Registered the User------------>');",
              "err": {},
              "uuid": "51c6fd4a-31cc-4ee5-ae3b-f0129b5b9739",
              "parentUUID": "1b904ae2-7001-41ec-b405-f1fa30854f42",
              "isHook": false,
              "skipped": false
            }
          ],
          "suites": [],
          "passes": [
            "51c6fd4a-31cc-4ee5-ae3b-f0129b5b9739"
          ],
          "failures": [],
          "pending": [],
          "skipped": [],
          "duration": 9758,
          "root": false,
          "rootEmpty": false,
          "_timeout": 2000
        }
      ],
      "passes": [],
      "failures": [],
      "pending": [],
      "skipped": [],
      "duration": 0,
      "root": true,
      "rootEmpty": true,
      "_timeout": 2000
    }
  ],
  "meta": {
    "mocha": {
      "version": "5.2.0"
    },
    "mochawesome": {
      "options": {
        "quiet": false,
        "reportFilename": "mochawesome",
        "saveHtml": false,
        "saveJson": true,
        "consoleReporter": "spec",
        "useInlineDiffs": false
      },
      "version": "4.1.0"
    },
    "marge": {
      "options": {
        "id": "default",
        "reportDir": "cypress/reports/mocha",
        "quite": true,
        "overwrite": false,
        "html": false,
        "json": true
      },
      "version": "4.1.0"
    }
  }
}